#
# A fatal error has been detected by the Java Runtime Environment:
#
#  EXCEPTION_STACK_OVERFLOW (0xc00000fd) at pc=0x00000000076bb947, pid=6516, tid=0x0000000000001560
#
# JRE version:  (8.0_112-b06) (build )
# Java VM: OpenJDK 64-Bit Server VM (25.112-b06 mixed mode windows-amd64 compressed oops)
# Problematic frame:
# V  [jvm.dll+0x1eb947]
#
# Failed to write core dump. Minidumps are not enabled by default on client versions of Windows
#
# If you would like to submit a bug report, please visit:
#   http://bugreport.java.com/bugreport/crash.jsp
#

---------------  T H R E A D  ---------------

Current thread (0x0000000005f0e000):  JavaThread "Finalizer" daemon [_thread_in_vm, id=5472, stack(0x0000000006c50000,0x0000000006d50000)]

siginfo: ExceptionCode=0xc00000fd, ExceptionInformation=0x0000000000000001 0x0000000006d4c8c0 

Registers:
RAX=0x0000000006d4c8c0, RBX=0x0000000000000004, RCX=0x0000000000003000, RDX=0x0000000000000006
RSP=0x0000000006d4f8c0, RBP=0x0000000000000000, RSI=0x0000000006d4f8c0, RDI=0x0000000000000004
R8 =0x0000000000000006, R9 =0x0000000005eba770, R10=0x00000000056864b8, R11=0x0000000006c5a160
R12=0x0000000005eba770, R13=0x0000000005f0e000, R14=0x0000000006d4f988, R15=0x00000000056864b8
RIP=0x00000000076bb947, EFLAGS=0x0000000000010206

Top of Stack: (sp=0x0000000006d4f8c0)
0x0000000006d4f8c0:   0000000000000138 0000000005f10028
0x0000000006d4f8d0:   0000000005f0e000 0000000005eba770
0x0000000006d4f8e0:   00000000ffffffff 00000000076bc877
0x0000000006d4f8f0:   0000000006d4f9f0 00000000056864b8
0x0000000006d4f900:   0000000005f0e000 000000000756ae33
0x0000000006d4f910:   0000000006d4f950 0000000005f0e000
0x0000000006d4f920:   0000000006d4f9e0 0000000005f0e000
0x0000000006d4f930:   00000000056864b8 0000000005f0e000
0x0000000006d4f940:   0000000007d22f20 0000000005f0e000
0x0000000006d4f950:   00000000056864b8 0000000005f0e000
0x0000000006d4f960:   00000000055bd8f0 0000000005f0e000
0x0000000006d4f970:   0000000000000001 00000000056864b8
0x0000000006d4f980:   0000000005f0e000 0000000005f0ec80
0x0000000006d4f990:   0000000005f0e000 000000000756c31d
0x0000000006d4f9a0:   0000000006d4fca8 0000000016d166b0
0x0000000006d4f9b0:   0000000016d2c518 0000000005f10030 

Instructions: (pc=0x00000000076bb947)
0x00000000076bb927:   48 89 6c 24 30 33 ed 66 90 e8 cb b8 07 00 ff c3
0x00000000076bb937:   48 63 c8 48 8b c6 48 0f af cf 48 ff c7 48 2b c1
0x00000000076bb947:   89 28 48 63 c3 48 3b 05 45 2c 57 00 7e db 48 8b
0x00000000076bb957:   6c 24 30 48 8b 5c 24 38 48 8b 74 24 40 48 83 c4 


Register to memory mapping:

RAX=0x0000000006d4c8c0 is pointing into the stack for thread: 0x0000000005f0e000
RBX=0x0000000000000004 is an unknown value
RCX=0x0000000000003000 is an unknown value
RDX=0x0000000000000006 is an unknown value
RSP=0x0000000006d4f8c0 is pointing into the stack for thread: 0x0000000005f0e000
RBP=0x0000000000000000 is an unknown value
RSI=0x0000000006d4f8c0 is pointing into the stack for thread: 0x0000000005f0e000
RDI=0x0000000000000004 is an unknown value
R8 =0x0000000000000006 is an unknown value
R9 =0x0000000005eba770 is an unknown value
R10={method} {0x00000000056864c0} 'run' '()V' in 'java/lang/ref/Finalizer$FinalizerThread'
R11=0x0000000006c5a160 is pointing into the stack for thread: 0x0000000005f0e000
R12=0x0000000005eba770 is an unknown value
R13=0x0000000005f0e000 is a thread
R14=0x0000000006d4f988 is pointing into the stack for thread: 0x0000000005f0e000
R15={method} {0x00000000056864c0} 'run' '()V' in 'java/lang/ref/Finalizer$FinalizerThread'


Stack: [0x0000000006c50000,0x0000000006d50000],  sp=0x0000000006d4f8c0,  free space=1022k
Native frames: (J=compiled Java code, j=interpreted, Vv=VM code, C=native code)


---------------  P R O C E S S  ---------------

Java Threads: ( => current thread )
=>0x0000000005f0e000 JavaThread "Finalizer" daemon [_thread_in_vm, id=5472, stack(0x0000000006c50000,0x0000000006d50000)]
  0x0000000005ec5000 JavaThread "Reference Handler" daemon [_thread_blocked, id=4752, stack(0x0000000006b00000,0x0000000006c00000)]
  0x000000000257d800 JavaThread "main" [_thread_in_Java, id=5904, stack(0x0000000002450000,0x0000000002550000)]

Other Threads:
  0x0000000005ebd000 VMThread [stack: 0x0000000006850000,0x0000000006950000] [id=7612]

VM state:not at safepoint (normal execution)

VM Mutex/Monitor currently owned by a thread: None

Heap:
 PSYoungGen      total 24064K, used 419K [0x00000000eab00000, 0x00000000ec580000, 0x0000000100000000)
  eden space 20992K, 2% used [0x00000000eab00000,0x00000000eab68f68,0x00000000ebf80000)
  from space 3072K, 0% used [0x00000000ec280000,0x00000000ec280000,0x00000000ec580000)
  to   space 3072K, 0% used [0x00000000ebf80000,0x00000000ebf80000,0x00000000ec280000)
 ParOldGen       total 54784K, used 0K [0x00000000c0000000, 0x00000000c3580000, 0x00000000eab00000)
  object space 54784K, 0% used [0x00000000c0000000,0x00000000c0000000,0x00000000c3580000)
 Metaspace       used 1148K, capacity 4480K, committed 4480K, reserved 1056768K
  class space    used 118K, capacity 384K, committed 384K, reserved 1048576K

Card table byte_map: [0x0000000002c10000,0x0000000002e20000] byte_map_base: 0x0000000002610000

Marking Bits: (ParMarkBitMap*) 0x0000000007c918f0
 Begin Bits: [0x0000000003390000, 0x0000000004390000)
 End Bits:   [0x0000000004390000, 0x0000000005390000)

Polling page: 0x0000000000130000

CodeCache: size=245760Kb used=403Kb max_used=403Kb free=245356Kb
 bounds [0x0000000007d10000, 0x0000000007f80000, 0x0000000016d10000]
 total_blobs=102 nmethods=0 adapters=78
 compilation: enabled

Compilation events (0 events):
No events

GC Heap History (0 events):
No events

Deoptimization events (0 events):
No events

Internal exceptions (2 events):
Event: 0.049 Thread 0x000000000257d800 Exception <a 'java/lang/NoSuchMethodError': Method sun.misc.Unsafe.defineClass(Ljava/lang/String;[BII)Ljava/lang/Class; name or signature does not match> (0x00000000eab07c78) thrown at [C:\src\android\AOSP-openjdk\external\jetbrains\jdk\hotspot\src\share\v#d}>ве?
Event: 0.049 Thread 0x000000000257d800 Exception <a 'java/lang/NoSuchMethodError': Method sun.misc.Unsafe.prefetchRead(Ljava/lang/Object;J)V name or signature does not match> (0x00000000eab07f60) thrown at [C:\src\android\AOSP-openjdk\external\jetbrains\jdk\hotspot\src\share\vm\prims\jni.cpp, l

Events (10 events):
Event: 0.049 loading class java/util/HashMap$Node done
Event: 0.050 loading class sun/misc/VM
Event: 0.050 loading class sun/misc/VM done
Event: 0.051 loading class java/util/Hashtable$Entry
Event: 0.051 loading class java/util/Hashtable$Entry done
Event: 0.051 loading class java/lang/Math
Event: 0.051 loading class java/lang/Math done
Event: 0.051 loading class java/lang/ref/Finalizer$FinalizerThread
Event: 0.051 loading class java/lang/ref/Finalizer$FinalizerThread done
Event: 0.052 Thread 0x0000000005f0e000 Thread added: 0x0000000005f0e000


Dynamic libraries:
0x000000013f2f0000 - 0x000000013f321000 	C:\Program Files\Android\Android Studio\jre\bin\java.exe
0x0000000076fc0000 - 0x000000007716a000 	C:\Windows\SYSTEM32\ntdll.dll
0x0000000076ea0000 - 0x0000000076fbf000 	C:\Windows\system32\kernel32.dll
0x000007fefcd90000 - 0x000007fefcdfa000 	C:\Windows\system32\KERNELBASE.dll
0x000007fefe060000 - 0x000007fefe13b000 	C:\Windows\system32\ADVAPI32.dll
0x000007fefd280000 - 0x000007fefd31f000 	C:\Windows\system32\msvcrt.dll
0x000007fefd070000 - 0x000007fefd08f000 	C:\Windows\SYSTEM32\sechost.dll
0x000007fefdc10000 - 0x000007fefdd3d000 	C:\Windows\system32\RPCRT4.dll
0x0000000076da0000 - 0x0000000076e9a000 	C:\Windows\system32\USER32.dll
0x000007feff060000 - 0x000007feff0c7000 	C:\Windows\system32\GDI32.dll
0x000007fefd090000 - 0x000007fefd09e000 	C:\Windows\system32\LPK.dll
0x000007fefd430000 - 0x000007fefd4fa000 	C:\Windows\system32\USP10.dll
0x000007fefb6e0000 - 0x000007fefb8d4000 	C:\Windows\WinSxS\amd64_microsoft.windows.common-controls_6595b64144ccf1df_6.0.7601.18837_none_fa3b1e3d17594757\COMCTL32.dll
0x000007feff130000 - 0x000007feff1a1000 	C:\Windows\system32\SHLWAPI.dll
0x000007feff2a0000 - 0x000007feff2ce000 	C:\Windows\system32\IMM32.DLL
0x000007fefd320000 - 0x000007fefd429000 	C:\Windows\system32\MSCTF.dll
0x00000000791c0000 - 0x0000000079292000 	C:\Program Files\Android\Android Studio\jre\jre\bin\msvcr100.dll
0x00000000074d0000 - 0x0000000007d0c000 	C:\Program Files\Android\Android Studio\jre\jre\bin\server\jvm.dll
0x000007feebdb0000 - 0x000007feebdb9000 	C:\Windows\system32\WSOCK32.dll
0x000007feff250000 - 0x000007feff29d000 	C:\Windows\system32\WS2_32.dll
0x000007fefd7d0000 - 0x000007fefd7d8000 	C:\Windows\system32\NSI.dll
0x000007fefa9f0000 - 0x000007fefaa2b000 	C:\Windows\system32\WINMM.dll
0x000007fefbd70000 - 0x000007fefbd7c000 	C:\Windows\system32\VERSION.dll
0x0000000077180000 - 0x0000000077187000 	C:\Windows\system32\PSAPI.DLL
0x000007fef0ec0000 - 0x000007fef0ecf000 	C:\Program Files\Android\Android Studio\jre\jre\bin\verify.dll
0x000007fee7960000 - 0x000007fee7989000 	C:\Program Files\Android\Android Studio\jre\jre\bin\java.dll
0x000007fef0e80000 - 0x000007fef0e96000 	C:\Program Files\Android\Android Studio\jre\jre\bin\zip.dll
0x000007fefe2d0000 - 0x000007feff05a000 	C:\Windows\system32\SHELL32.dll
0x000007fefddc0000 - 0x000007fefdfbc000 	C:\Windows\system32\ole32.dll
0x000007fefccb0000 - 0x000007fefccbf000 	C:\Windows\system32\profapi.dll

VM Arguments:
jvm_args: -Djava.awt.headless=true -Xmx1024M -Dfile.encoding=windows-1251 -Duser.country=RU -Duser.language=ru -Duser.variant 
java_command: com.android.dx.command.Main --dex --force-jumbo --num-threads=4 --multi-dex --output C:\Users\Aleksey\Desktop\NTP-project-alpha-master\ClientNew\app\build\intermediates\transforms\dex\debug\folders\1000\5\slice_1 C:\Users\Aleksey\Desktop\NTP-project-alpha-master\ClientNew\app\build\intermediates\transforms\instantRunSlicer\debug\folders\1\5\slice_1
java_class_path (initial): C:\Users\Aleksey\AppData\Local\Android\sdk\build-tools\25.0.0\lib\dx.jar
Launcher Type: SUN_STANDARD

Environment Variables:
PATH=C:\Windows\system32;C:\Windows;C:\Windows\System32\Wbem;C:\Windows\System32\WindowsPowerShell\v1.0\;C:\Go\bin;C:\gopath\bin;C:\Program Files\MySQL\MySQL Utilities 1.6\
USERNAME=Aleksey
OS=Windows_NT
PROCESSOR_IDENTIFIER=Intel64 Family 6 Model 42 Stepping 7, GenuineIntel



---------------  S Y S T E M  ---------------

OS: Windows 7 , 64 bit Build 7601 (6.1.7601.23714)

CPU:total 2 (2 cores per cpu, 1 threads per core) family 6 model 42 stepping 7, cmov, cx8, fxsr, mmx, sse, sse2, sse3, ssse3, sse4.1, sse4.2, popcnt, clmul, tsc, tscinvbit

Memory: 4k page, physical 5225720k(201304k free), swap 8913748k(3844k free)

vm_info: OpenJDK 64-Bit Server VM (25.112-b06) for windows-amd64 JRE (1.8.0_112-release-b06), built on Dec  8 2016 00:54:26 by "builder" with MS VC++ 10.0 (VS2010)

time: Sat Apr 29 18:05:34 2017
elapsed time: 0 seconds (0d 0h 0m 0s)

