#
# There is insufficient memory for the Java Runtime Environment to continue.
# Native memory allocation (malloc) failed to allocate 1048576 bytes for AllocateHeap
# Possible reasons:
#   The system is out of physical RAM or swap space
#   In 32 bit mode, the process size limit was hit
# Possible solutions:
#   Reduce memory load on the system
#   Increase physical memory or swap space
#   Check if swap backing store is full
#   Use 64 bit Java on a 64 bit OS
#   Decrease Java heap size (-Xmx/-Xms)
#   Decrease number of Java threads
#   Decrease Java thread stack sizes (-Xss)
#   Set larger code cache with -XX:ReservedCodeCacheSize=
# This output file may be truncated or incomplete.
#
#  Out of Memory Error (memory/allocation.inline.hpp:61), pid=7684, tid=0x0000000000000ea4
#
# JRE version:  (8.0_112-b06) (build )
# Java VM: OpenJDK 64-Bit Server VM (25.112-b06 mixed mode windows-amd64 compressed oops)
# Failed to write core dump. Minidumps are not enabled by default on client versions of Windows
#

---------------  T H R E A D  ---------------

Current thread (0x0000000001f5d800):  JavaThread "Unknown thread" [_thread_in_vm, id=3748, stack(0x0000000002590000,0x0000000002690000)]

Stack: [0x0000000002590000,0x0000000002690000]
[error occurred during error reporting (printing stack bounds), id 0xc0000005]

Native frames: (J=compiled Java code, j=interpreted, Vv=VM code, C=native code)


---------------  P R O C E S S  ---------------

Java Threads: ( => current thread )

Other Threads:

=>0x0000000001f5d800 (exited) JavaThread "Unknown thread" [_thread_in_vm, id=3748, stack(0x0000000002590000,0x0000000002690000)]

VM state:not at safepoint (normal execution)

VM Mutex/Monitor currently owned by a thread: None

Heap:
 PSYoungGen      total 24064K, used 419K [0x00000000eab00000, 0x00000000ec580000, 0x0000000100000000)
  eden space 20992K, 2% used [0x00000000eab00000,0x00000000eab68f68,0x00000000ebf80000)
  from space 3072K, 0% used [0x00000000ec280000,0x00000000ec280000,0x00000000ec580000)
  to   space 3072K, 0% used [0x00000000ebf80000,0x00000000ebf80000,0x00000000ec280000)
 ParOldGen       total 54784K, used 0K [0x00000000c0000000, 0x00000000c3580000, 0x00000000eab00000)
  object space 54784K, 0% used [0x00000000c0000000,0x00000000c0000000,0x00000000c3580000)
 Metaspace       used 772K, capacity 4480K, committed 4480K, reserved 1056768K
  class space    used 73K, capacity 384K, committed 384K, reserved 1048576K

Card table byte_map: [0x0000000002d20000,0x0000000002f30000] byte_map_base: 0x0000000002720000

Marking Bits: (ParMarkBitMap*) 0x0000000007c918f0
 Begin Bits: [0x0000000003370000, 0x0000000004370000)
 End Bits:   [0x0000000004370000, 0x0000000005370000)

Polling page: 0x0000000000130000

CodeCache: size=245760Kb used=327Kb max_used=327Kb free=245432Kb
 bounds [0x0000000007d10000, 0x0000000007f80000, 0x0000000016d10000]
 total_blobs=56 nmethods=0 adapters=38
 compilation: enabled

Compilation events (0 events):
No events

GC Heap History (0 events):
No events

Deoptimization events (0 events):
No events

Internal exceptions (0 events):
No events

Events (10 events):
Event: 0.017 loading class java/lang/Short
Event: 0.017 loading class java/lang/Short done
Event: 0.017 loading class java/lang/Integer
Event: 0.017 loading class java/lang/Integer done
Event: 0.017 loading class java/lang/Long
Event: 0.017 loading class java/lang/Long done
Event: 0.018 loading class java/lang/NullPointerException
Event: 0.018 loading class java/lang/NullPointerException done
Event: 0.018 loading class java/lang/ArithmeticException
Event: 0.018 loading class java/lang/ArithmeticException done


Dynamic libraries:
0x000000013f2f0000 - 0x000000013f321000 	C:\Program Files\Android\Android Studio\jre\bin\java.exe
0x0000000076fc0000 - 0x000000007716a000 	C:\Windows\SYSTEM32\ntdll.dll
0x0000000076ea0000 - 0x0000000076fbf000 	C:\Windows\system32\kernel32.dll
0x000007fefcd90000 - 0x000007fefcdfa000 	C:\Windows\system32\KERNELBASE.dll
0x000007fefe060000 - 0x000007fefe13b000 	C:\Windows\system32\ADVAPI32.dll
0x000007fefd280000 - 0x000007fefd31f000 	C:\Windows\system32\msvcrt.dll
0x000007fefd070000 - 0x000007fefd08f000 	C:\Windows\SYSTEM32\sechost.dll
0x000007fefdc10000 - 0x000007fefdd3d000 	C:\Windows\system32\RPCRT4.dll
0x0000000076da0000 - 0x0000000076e9a000 	C:\Windows\system32\USER32.dll
0x000007feff060000 - 0x000007feff0c7000 	C:\Windows\system32\GDI32.dll
0x000007fefd090000 - 0x000007fefd09e000 	C:\Windows\system32\LPK.dll
0x000007fefd430000 - 0x000007fefd4fa000 	C:\Windows\system32\USP10.dll
0x000007fefb6e0000 - 0x000007fefb8d4000 	C:\Windows\WinSxS\amd64_microsoft.windows.common-controls_6595b64144ccf1df_6.0.7601.18837_none_fa3b1e3d17594757\COMCTL32.dll
0x000007feff130000 - 0x000007feff1a1000 	C:\Windows\system32\SHLWAPI.dll
0x000007feff2a0000 - 0x000007feff2ce000 	C:\Windows\system32\IMM32.DLL
0x000007fefd320000 - 0x000007fefd429000 	C:\Windows\system32\MSCTF.dll
0x00000000791c0000 - 0x0000000079292000 	C:\Program Files\Android\Android Studio\jre\jre\bin\msvcr100.dll
0x00000000074d0000 - 0x0000000007d0c000 	C:\Program Files\Android\Android Studio\jre\jre\bin\server\jvm.dll
0x000007feebdb0000 - 0x000007feebdb9000 	C:\Windows\system32\WSOCK32.dll
0x000007feff250000 - 0x000007feff29d000 	C:\Windows\system32\WS2_32.dll
0x000007fefd7d0000 - 0x000007fefd7d8000 	C:\Windows\system32\NSI.dll
0x000007fefa9f0000 - 0x000007fefaa2b000 	C:\Windows\system32\WINMM.dll
0x000007fefbd70000 - 0x000007fefbd7c000 	C:\Windows\system32\VERSION.dll
0x0000000077180000 - 0x0000000077187000 	C:\Windows\system32\PSAPI.DLL
0x000007fef0ec0000 - 0x000007fef0ecf000 	C:\Program Files\Android\Android Studio\jre\jre\bin\verify.dll
0x000007fee7960000 - 0x000007fee7989000 	C:\Program Files\Android\Android Studio\jre\jre\bin\java.dll
0x000007fef0e80000 - 0x000007fef0e96000 	C:\Program Files\Android\Android Studio\jre\jre\bin\zip.dll

VM Arguments:
jvm_args: -Djava.awt.headless=true -Xmx1024M -Dfile.encoding=windows-1251 -Duser.country=RU -Duser.language=ru -Duser.variant 
java_command: com.android.dx.command.Main --dex --force-jumbo --num-threads=4 --multi-dex --output C:\Users\Aleksey\Desktop\NTP-project-alpha-master\ClientNew\app\build\intermediates\transforms\dex\debug\folders\1000\5\slice_0 C:\Users\Aleksey\Desktop\NTP-project-alpha-master\ClientNew\app\build\intermediates\transforms\instantRunSlicer\debug\folders\1\5\slice_0
java_class_path (initial): C:\Users\Aleksey\AppData\Local\Android\sdk\build-tools\25.0.0\lib\dx.jar
Launcher Type: SUN_STANDARD

Environment Variables:
PATH=C:\Windows\system32;C:\Windows;C:\Windows\System32\Wbem;C:\Windows\System32\WindowsPowerShell\v1.0\;C:\Go\bin;C:\gopath\bin;C:\Program Files\MySQL\MySQL Utilities 1.6\
USERNAME=Aleksey
OS=Windows_NT
PROCESSOR_IDENTIFIER=Intel64 Family 6 Model 42 Stepping 7, GenuineIntel



---------------  S Y S T E M  ---------------

OS: Windows 7 , 64 bit Build 7601 (6.1.7601.23714)

CPU:total 2 (2 cores per cpu, 1 threads per core) family 6 model 42 stepping 7, cmov, cx8, fxsr, mmx, sse, sse2, sse3, ssse3, sse4.1, sse4.2, popcnt, clmul, tsc, tscinvbit

Memory: 4k page, physical 5225720k(142012k free), swap 8913748k(5184k free)

vm_info: OpenJDK 64-Bit Server VM (25.112-b06) for windows-amd64 JRE (1.8.0_112-release-b06), built on Dec  8 2016 00:54:26 by "builder" with MS VC++ 10.0 (VS2010)

time: Sat Apr 29 18:06:35 2017
elapsed time: 0 seconds (0d 0h 0m 0s)

